<?xml version="1.0" encoding="UTF-8"?>
<!-- Generated by org.testng.reporters.JUnitReportReporter -->
<testsuite hostname="sid" failures="0" tests="1" name="Tests.LoginPageValidation" time="60.674" errors="0" timestamp="2024-11-14T17:24:05 IST" skipped="0">
  <testcase classname="Tests.LoginPageValidation" name="errorMessageValidation" time="60.674"/>
  <system-out/>
</testsuite> <!-- Tests.LoginPageValidation -->
